{
  "RSpec": {
    "coverage": {
      "/home/koggs/projects/newsroom-april/app/channels/application_cable/connection.rb": [
        0,
        0,
        0,
        0
      ],
      "/home/koggs/projects/newsroom-april/app/channels/application_cable/channel.rb": [
        0,
        0,
        0,
        0
      ],
      "/home/koggs/projects/newsroom-april/app/helpers/application_helper.rb": [
        0,
        0
      ],
      "/home/koggs/projects/newsroom-april/app/mailers/application_mailer.rb": [
        0,
        0,
        0,
        0
      ],
      "/home/koggs/projects/newsroom-april/app/controllers/application_controller.rb": [
        0,
        0
      ],
      "/home/koggs/projects/newsroom-april/app/models/application_record.rb": [
        0,
        0,
        0
      ],
      "/home/koggs/projects/newsroom-april/app/jobs/application_job.rb": [
        0,
        0
      ]
    },
    "timestamp": 1527075507
  },
  "Cucumber Features": {
    "coverage": {
      "/home/koggs/projects/newsroom-april/app/models/user.rb": [
        1,
        null,
        null,
        1,
        null,
        null
      ],
      "/home/koggs/projects/newsroom-april/app/models/application_record.rb": [
        1,
        1,
        null
      ],
      "/home/koggs/projects/newsroom-april/app/models/article.rb": [
        1,
        1,
        1,
        null
      ],
      "/home/koggs/projects/newsroom-april/app/controllers/articles_controller.rb": [
        1,
        1,
        null,
        1,
        8,
        null,
        null,
        1,
        2,
        null,
        null,
        1,
        3,
        null,
        null,
        1,
        3,
        3,
        1,
        1,
        null,
        2,
        2,
        null,
        null,
        null,
        1,
        1,
        3,
        null,
        null
      ],
      "/home/koggs/projects/newsroom-april/app/controllers/application_controller.rb": [
        1,
        null
      ],
      "/home/koggs/projects/newsroom-april/app/helpers/application_helper.rb": [
        1,
        null
      ],
      "/home/koggs/projects/newsroom-april/app/channels/application_cable/connection.rb": [
        0,
        0,
        0,
        0
      ],
      "/home/koggs/projects/newsroom-april/app/channels/application_cable/channel.rb": [
        0,
        0,
        0,
        0
      ],
      "/home/koggs/projects/newsroom-april/app/mailers/application_mailer.rb": [
        0,
        0,
        0,
        0
      ],
      "/home/koggs/projects/newsroom-april/app/jobs/application_job.rb": [
        0,
        0
      ]
    },
    "timestamp": 1527413876
  }
}
