{
  "RSpec": {
    "coverage": {
      "/home/koggs/projects/newsroom-april/app/models/user.rb": [
        1,
        null,
        null,
        1,
        null,
        null
      ],
      "/home/koggs/projects/newsroom-april/app/models/application_record.rb": [
        1,
        1,
        null
      ],
      "/home/koggs/projects/newsroom-april/app/helpers/application_helper.rb": [
        1,
        null
      ],
      "/home/koggs/projects/newsroom-april/app/models/article.rb": [
        1,
        1,
        1,
        null
      ],
      "/home/koggs/projects/newsroom-april/app/channels/application_cable/connection.rb": [
        0,
        0,
        0,
        0
      ],
      "/home/koggs/projects/newsroom-april/app/channels/application_cable/channel.rb": [
        0,
        0,
        0,
        0
      ],
      "/home/koggs/projects/newsroom-april/app/mailers/application_mailer.rb": [
        0,
        0,
        0,
        0
      ],
      "/home/koggs/projects/newsroom-april/app/controllers/articles_controller.rb": [
        0,
        0,
        null,
        0,
        0,
        0,
        null,
        0,
        0,
        0,
        null,
        0,
        0,
        0,
        null,
        0,
        0,
        0,
        0,
        0,
        0,
        0,
        0,
        0,
        0,
        null,
        0,
        0,
        0,
        0,
        0
      ],
      "/home/koggs/projects/newsroom-april/app/controllers/application_controller.rb": [
        0,
        0
      ],
      "/home/koggs/projects/newsroom-april/app/jobs/application_job.rb": [
        0,
        0
      ]
    },
    "timestamp": 1527424111
  },
  "Cucumber Features": {
    "coverage": {
      "/home/koggs/projects/newsroom-april/app/models/user.rb": [
        1,
        1,
        null,
        1,
        null,
        1,
        null,
        null,
        1,
        1,
        1,
        null,
        1,
        null,
        1,
        79,
        null,
        null
      ],
      "/home/koggs/projects/newsroom-april/app/models/application_record.rb": [
        1,
        1,
        null
      ],
      "/home/koggs/projects/newsroom-april/app/models/category.rb": [
        1,
        1,
        1,
        null
      ],
      "/home/koggs/projects/newsroom-april/app/models/article.rb": [
        1,
        1,
        1,
        1,
        1,
        1,
        null
      ],
      "/home/koggs/projects/newsroom-april/app/controllers/articles_controller.rb": [
        1,
        1,
        1,
        null,
        1,
        20,
        null,
        null,
        1,
        13,
        13,
        13,
        0,
        0,
        null,
        null,
        null,
        1,
        1,
        1,
        null,
        null,
        1,
        0,
        0,
        0,
        0,
        0,
        0,
        null,
        0,
        0,
        null,
        null,
        null,
        1,
        2,
        2,
        null,
        null,
        1,
        0,
        0,
        0,
        0,
        0,
        null,
        0,
        0,
        null,
        null,
        null,
        1,
        0,
        0,
        0,
        null,
        0,
        null,
        0,
        null,
        null,
        1,
        1,
        0,
        null,
        null,
        1,
        23,
        null,
        null,
        1,
        0,
        null,
        0,
        null,
        0,
        null,
        null,
        null
      ],
      "/home/koggs/projects/newsroom-april/app/controllers/application_controller.rb": [
        1,
        1,
        1,
        1,
        null,
        1,
        1,
        3,
        null,
        null,
        1,
        40,
        40,
        null,
        null
      ],
      "/home/koggs/projects/newsroom-april/app/helpers/application_helper.rb": [
        1,
        null
      ],
      "/home/koggs/projects/newsroom-april/app/controllers/categories_controller.rb": [
        1,
        1,
        2,
        2,
        2,
        null,
        null
      ],
      "/home/koggs/projects/newsroom-april/app/models/comment.rb": [
        1,
        1,
        1,
        1,
        null
      ],
      "/home/koggs/projects/newsroom-april/app/policies/article_policy.rb": [
        1,
        null,
        1,
        1,
        null,
        null,
        1,
        0,
        null,
        null,
        1,
        15,
        null,
        null,
        1,
        0,
        null,
        null,
        1,
        13,
        null,
        null
      ],
      "/home/koggs/projects/newsroom-april/app/policies/application_policy.rb": [
        1,
        1,
        null,
        1,
        16,
        16,
        null,
        null
      ],
      "/home/koggs/projects/newsroom-april/app/channels/application_cable/connection.rb": [
        0,
        0,
        0,
        0
      ],
      "/home/koggs/projects/newsroom-april/app/channels/application_cable/channel.rb": [
        0,
        0,
        0,
        0
      ],
      "/home/koggs/projects/newsroom-april/app/mailers/application_mailer.rb": [
        0,
        0,
        0,
        0
      ],
      "/home/koggs/projects/newsroom-april/app/controllers/comments_controller.rb": [
        0,
        0,
        0,
        0,
        0,
        0,
        0,
        0,
        0,
        0,
        0,
        null,
        0,
        0,
        0,
        0,
        null,
        0,
        0,
        0,
        null,
        0,
        0,
        0,
        0,
        0,
        0,
        0,
        0,
        0
      ],
      "/home/koggs/projects/newsroom-april/app/jobs/application_job.rb": [
        0,
        0
      ]
    },
    "timestamp": 1527940631
  }
}
